<?xml version="1.0" encoding="UTF-8"?>
<!-- Generated by org.testng.reporters.JUnitXMLReporter -->
<testsuite hostname="DESKTOP-MRNVS04" ignored="1" name="Test1" tests="2" failures="0" timestamp="27 八月 2019 14:34:00 GMT" time="0.045" errors="0">
  <testcase name="method1" time="0.008" classname="package1.class1"/>
  <testcase name="method2" time="0.002" classname="package1.class1"/>
  <testcase name="method3" time="0.0" classname="package1.class1">
    <ignored/>
  </testcase> <!-- method3 -->
</testsuite> <!-- Test1 -->
