<?xml version="1.0" encoding="UTF-8"?>
<!-- Generated by org.testng.reporters.JUnitXMLReporter -->
<testsuite hostname="DESKTOP-MRNVS04" ignored="0" name="Test" tests="4" failures="0" timestamp="29 八月 2019 16:30:43 GMT" time="0.064" errors="0">
  <testcase name="method1" time="0.006" classname="package1.class1"/>
  <testcase name="method2" time="0.004" classname="package1.class1"/>
  <testcase name="method3" time="0.002" classname="package1.class1"/>
  <testcase name="method6" time="0.004" classname="package2.class3"/>
</testsuite> <!-- Test -->
