<?xml version="1.0" encoding="UTF-8"?>
<!-- Generated by org.testng.reporters.JUnitXMLReporter -->
<testsuite hostname="DESKTOP-MRNVS04" ignored="0" name="Test" tests="4" failures="0" timestamp="29 八月 2019 13:26:51 GMT" time="0.048" errors="0">
  <testcase name="method1" time="0.001" classname="package1.class1"/>
  <testcase name="method2" time="0.0" classname="package1.class1"/>
  <testcase name="method3" time="0.0" classname="package1.class1"/>
  <testcase name="method6" time="0.0" classname="package2.class3"/>
</testsuite> <!-- Test -->
